<?xml version="1.0" encoding="UTF-8"?>
<!-- Generated by org.testng.reporters.JUnitXMLReporter -->
<testsuite ignored="0" hostname="LAPTOP-R8RL5IE9" failures="0" tests="4" name="Default test" time="4.367" errors="0" timestamp="2022-11-02T22:57:44 IST">
  <testcase classname="DRA.api.tests.DRAtests" name="Registrationflow" time="2.762"/>
  <testcase classname="DRA.api.tests.DRAtests" name="Loginflow" time="0.746"/>
  <testcase classname="DRA.api.tests.DRAtests" name="Getusers" time="0.284"/>
  <testcase classname="DRA.api.tests.DRAtests" name="createusertest" time="0.294"/>
</testsuite> <!-- Default test -->
