<?xml version="1.0" encoding="UTF-8"?>
<testng-results ignored="0" total="4" passed="4" failed="0" skipped="0">
  <reporter-output>
  </reporter-output>
  <suite started-at="2022-11-02T22:57:39 IST" name="Default suite" finished-at="2022-11-02T22:57:44 IST" duration-ms="4367">
    <groups>
    </groups>
    <test started-at="2022-11-02T22:57:39 IST" name="Default test" finished-at="2022-11-02T22:57:44 IST" duration-ms="4367">
      <class name="DRA.api.tests.DRAtests">
        <test-method is-config="true" signature="testsetup()[pri:0, instance:DRA.api.tests.DRAtests@27f981c6]" started-at="2022-11-02T22:57:39 IST" name="testsetup" finished-at="2022-11-02T22:57:40 IST" duration-ms="238" status="PASS">
          <reporter-output>
          </reporter-output>
        </test-method> <!-- testsetup -->
        <test-method signature="Registrationflow()[pri:1, instance:DRA.api.tests.DRAtests@27f981c6]" started-at="2022-11-02T22:57:40 IST" name="Registrationflow" finished-at="2022-11-02T22:57:42 IST" duration-ms="2762" status="PASS">
          <reporter-output>
          </reporter-output>
        </test-method> <!-- Registrationflow -->
        <test-method signature="Loginflow()[pri:2, instance:DRA.api.tests.DRAtests@27f981c6]" started-at="2022-11-02T22:57:42 IST" name="Loginflow" finished-at="2022-11-02T22:57:43 IST" duration-ms="746" status="PASS">
          <reporter-output>
          </reporter-output>
        </test-method> <!-- Loginflow -->
        <test-method signature="Getusers()[pri:3, instance:DRA.api.tests.DRAtests@27f981c6]" started-at="2022-11-02T22:57:43 IST" name="Getusers" finished-at="2022-11-02T22:57:44 IST" duration-ms="284" status="PASS">
          <reporter-output>
          </reporter-output>
        </test-method> <!-- Getusers -->
        <test-method signature="createusertest()[pri:4, instance:DRA.api.tests.DRAtests@27f981c6]" started-at="2022-11-02T22:57:44 IST" name="createusertest" finished-at="2022-11-02T22:57:44 IST" duration-ms="294" status="PASS">
          <reporter-output>
          </reporter-output>
        </test-method> <!-- createusertest -->
      </class> <!-- DRA.api.tests.DRAtests -->
    </test> <!-- Default test -->
  </suite> <!-- Default suite -->
</testng-results>
